<?xml version="1.0" encoding="utf-8"?><testsuites name="pytest tests"><testsuite name="pytest" errors="0" failures="1" skipped="0" tests="20" time="7.487" timestamp="2026-05-02T07:33:55.603351+00:00" hostname="agent-env-b693d5e8-24c4-4250-9d6e-a3a1ea25b6a8"><testcase classname="backend.tests.test_mooddrop" name="test_root" time="0.490" /><testcase classname="backend.tests.test_mooddrop" name="test_login_invalid" time="0.916" /><testcase classname="backend.tests.test_mooddrop" name="test_me" time="1.178" /><testcase classname="backend.tests.test_mooddrop" name="test_me_unauth" time="0.103"><failure message="assert 200 == 401&#10; +  where 200 = &lt;Response [200]&gt;.status_code">backend/tests/test_mooddrop.py:64: in test_me_unauth
    assert r.status_code == 401
E   assert 200 == 401
E    +  where 200 = &lt;Response [200]&gt;.status_code</failure></testcase><testcase classname="backend.tests.test_mooddrop" name="test_register_dup" time="0.113" /><testcase classname="backend.tests.test_mooddrop" name="test_free_intensity_block" time="0.999" /><testcase classname="backend.tests.test_mooddrop" name="test_free_text_block" time="0.099" /><testcase classname="backend.tests.test_mooddrop" name="test_free_mood_create_ok" time="0.102" /><testcase classname="backend.tests.test_mooddrop" name="test_idempotent_same_day" time="0.104" /><testcase classname="backend.tests.test_mooddrop" name="test_today" time="0.092" /><testcase classname="backend.tests.test_mooddrop" name="test_feed_unlocked_after_post" time="0.100" /><testcase classname="backend.tests.test_mooddrop" name="test_history_free_limit" time="0.098" /><testcase classname="backend.tests.test_mooddrop" name="test_stats_free" time="0.101" /><testcase classname="backend.tests.test_mooddrop" name="test_friends_add" time="0.102" /><testcase classname="backend.tests.test_mooddrop" name="test_friends_self_block" time="0.098" /><testcase classname="backend.tests.test_mooddrop" name="test_friends_unknown" time="0.099" /><testcase classname="backend.tests.test_mooddrop" name="test_friends_list" time="0.100" /><testcase classname="backend.tests.test_mooddrop" name="test_dev_toggle_pro_and_stats" time="0.400" /><testcase classname="backend.tests.test_mooddrop" name="test_checkout_creates_session" time="1.497" /><testcase classname="backend.tests.test_mooddrop" name="test_logout" time="0.082" /></testsuite></testsuites>